TN:
SF:02-ratelimitter.js
FN:19,RateLimiter
FNF:1
FNH:1
FNDA:13,RateLimiter
DA:1,1
DA:2,1
DA:3,1
DA:4,1
DA:5,1
DA:6,1
DA:7,1
DA:8,1
DA:9,1
DA:10,1
DA:11,1
DA:12,1
DA:13,1
DA:14,1
DA:15,1
DA:16,2
DA:17,1
DA:18,1
DA:19,13
DA:20,13
DA:21,13
DA:22,0
DA:23,0
DA:24,13
DA:25,13
DA:26,7
DA:27,7
DA:28,13
DA:29,13
DA:30,1
DA:31,1
DA:32,1
DA:33,13
DA:34,1
DA:35,1
DA:36,1
DA:37,0
DA:38,1
DA:39,1
DA:40,1
LF:40
LH:37
BRDA:15,0,0,2
BRDA:19,1,0,13
BRDA:21,2,0,0
BRDA:24,3,0,2
BRDA:25,4,0,7
BRDA:32,5,0,13
BRF:6
BRH:5
end_of_record
